[2022-10-06 15:41:45Z INFO HostContext] No proxy settings were found based on environmental variables (http_proxy/https_proxy/HTTP_PROXY/HTTPS_PROXY)
[2022-10-06 15:41:45Z INFO HostContext] Well known directory 'Bin': '/Users/chinentomoki/u-ryukyu/Third/OS_again/02/2-1/actions-runner/bin'
[2022-10-06 15:41:45Z INFO HostContext] Well known directory 'Root': '/Users/chinentomoki/u-ryukyu/Third/OS_again/02/2-1/actions-runner'
[2022-10-06 15:41:45Z INFO HostContext] Well known config file 'Credentials': '/Users/chinentomoki/u-ryukyu/Third/OS_again/02/2-1/actions-runner/.credentials'
[2022-10-06 15:41:45Z INFO HostContext] Well known directory 'Bin': '/Users/chinentomoki/u-ryukyu/Third/OS_again/02/2-1/actions-runner/bin'
[2022-10-06 15:41:45Z INFO HostContext] Well known directory 'Root': '/Users/chinentomoki/u-ryukyu/Third/OS_again/02/2-1/actions-runner'
[2022-10-06 15:41:45Z INFO HostContext] Well known config file 'Runner': '/Users/chinentomoki/u-ryukyu/Third/OS_again/02/2-1/actions-runner/.runner'
[2022-10-06 15:41:45Z INFO Listener] Runner is built for OSX (Arm64) - osx-arm64.
[2022-10-06 15:41:45Z INFO Listener] RuntimeInformation: Darwin 21.6.0 Darwin Kernel Version 21.6.0: Wed Aug 10 14:28:35 PDT 2022; root:xnu-8020.141.5~2/RELEASE_ARM64_T8101.
[2022-10-06 15:41:45Z INFO Listener] Version: 2.298.2
[2022-10-06 15:41:45Z INFO Listener] Commit: f49f0247c8f15ef51086a7c2405333cb91c6f3cd
[2022-10-06 15:41:45Z INFO Listener] Culture: ja-JP
[2022-10-06 15:41:45Z INFO Listener] UI Culture: ja-JP
[2022-10-06 15:41:45Z INFO HostContext] Well known directory 'Bin': '/Users/chinentomoki/u-ryukyu/Third/OS_again/02/2-1/actions-runner/bin'
[2022-10-06 15:41:45Z INFO HostContext] Well known directory 'Root': '/Users/chinentomoki/u-ryukyu/Third/OS_again/02/2-1/actions-runner'
[2022-10-06 15:41:45Z INFO Listener] Validating directory permissions for: '/Users/chinentomoki/u-ryukyu/Third/OS_again/02/2-1/actions-runner'
[2022-10-06 15:41:45Z INFO CommandLineParser] Parse
[2022-10-06 15:41:45Z INFO CommandLineParser] Parsing 1 args
[2022-10-06 15:41:45Z INFO CommandLineParser] parsing argument
[2022-10-06 15:41:45Z INFO CommandLineParser] HasArgs: False
[2022-10-06 15:41:45Z INFO CommandLineParser] Adding Command: run
[2022-10-06 15:41:45Z INFO Listener] Arguments parsed
[2022-10-06 15:41:45Z INFO Runner] ExecuteCommand
[2022-10-06 15:41:45Z INFO ConfigurationStore] currentAssemblyLocation: /Users/chinentomoki/u-ryukyu/Third/OS_again/02/2-1/actions-runner/bin/Runner.Listener.dll
[2022-10-06 15:41:45Z INFO HostContext] Well known directory 'Bin': '/Users/chinentomoki/u-ryukyu/Third/OS_again/02/2-1/actions-runner/bin'
[2022-10-06 15:41:45Z INFO ConfigurationStore] binPath: /Users/chinentomoki/u-ryukyu/Third/OS_again/02/2-1/actions-runner/bin
[2022-10-06 15:41:45Z INFO HostContext] Well known directory 'Bin': '/Users/chinentomoki/u-ryukyu/Third/OS_again/02/2-1/actions-runner/bin'
[2022-10-06 15:41:45Z INFO HostContext] Well known directory 'Root': '/Users/chinentomoki/u-ryukyu/Third/OS_again/02/2-1/actions-runner'
[2022-10-06 15:41:45Z INFO ConfigurationStore] RootFolder: /Users/chinentomoki/u-ryukyu/Third/OS_again/02/2-1/actions-runner
[2022-10-06 15:41:45Z INFO HostContext] Well known directory 'Bin': '/Users/chinentomoki/u-ryukyu/Third/OS_again/02/2-1/actions-runner/bin'
[2022-10-06 15:41:45Z INFO HostContext] Well known directory 'Root': '/Users/chinentomoki/u-ryukyu/Third/OS_again/02/2-1/actions-runner'
[2022-10-06 15:41:45Z INFO HostContext] Well known config file 'Runner': '/Users/chinentomoki/u-ryukyu/Third/OS_again/02/2-1/actions-runner/.runner'
[2022-10-06 15:41:45Z INFO ConfigurationStore] ConfigFilePath: /Users/chinentomoki/u-ryukyu/Third/OS_again/02/2-1/actions-runner/.runner
[2022-10-06 15:41:45Z INFO HostContext] Well known directory 'Bin': '/Users/chinentomoki/u-ryukyu/Third/OS_again/02/2-1/actions-runner/bin'
[2022-10-06 15:41:45Z INFO HostContext] Well known directory 'Root': '/Users/chinentomoki/u-ryukyu/Third/OS_again/02/2-1/actions-runner'
[2022-10-06 15:41:45Z INFO HostContext] Well known config file 'Credentials': '/Users/chinentomoki/u-ryukyu/Third/OS_again/02/2-1/actions-runner/.credentials'
[2022-10-06 15:41:45Z INFO ConfigurationStore] CredFilePath: /Users/chinentomoki/u-ryukyu/Third/OS_again/02/2-1/actions-runner/.credentials
[2022-10-06 15:41:45Z INFO HostContext] Well known directory 'Bin': '/Users/chinentomoki/u-ryukyu/Third/OS_again/02/2-1/actions-runner/bin'
[2022-10-06 15:41:45Z INFO HostContext] Well known directory 'Root': '/Users/chinentomoki/u-ryukyu/Third/OS_again/02/2-1/actions-runner'
[2022-10-06 15:41:45Z INFO HostContext] Well known config file 'MigratedCredentials': '/Users/chinentomoki/u-ryukyu/Third/OS_again/02/2-1/actions-runner/.credentials_migrated'
[2022-10-06 15:41:45Z INFO ConfigurationStore] MigratedCredFilePath: /Users/chinentomoki/u-ryukyu/Third/OS_again/02/2-1/actions-runner/.credentials_migrated
[2022-10-06 15:41:45Z INFO HostContext] Well known directory 'Bin': '/Users/chinentomoki/u-ryukyu/Third/OS_again/02/2-1/actions-runner/bin'
[2022-10-06 15:41:45Z INFO HostContext] Well known directory 'Root': '/Users/chinentomoki/u-ryukyu/Third/OS_again/02/2-1/actions-runner'
[2022-10-06 15:41:45Z INFO HostContext] Well known config file 'Service': '/Users/chinentomoki/u-ryukyu/Third/OS_again/02/2-1/actions-runner/.service'
[2022-10-06 15:41:45Z INFO ConfigurationStore] ServiceConfigFilePath: /Users/chinentomoki/u-ryukyu/Third/OS_again/02/2-1/actions-runner/.service
[2022-10-06 15:41:45Z INFO CommandSettings] Flag 'help': 'False'
[2022-10-06 15:41:45Z INFO CommandSettings] Flag 'version': 'False'
[2022-10-06 15:41:45Z INFO CommandSettings] Flag 'commit': 'False'
[2022-10-06 15:41:45Z INFO CommandSettings] Flag 'check': 'False'
[2022-10-06 15:41:45Z INFO CommandSettings] Command 'configure': 'False'
[2022-10-06 15:41:45Z INFO CommandSettings] Command 'remove': 'False'
[2022-10-06 15:41:45Z INFO CommandSettings] Command 'warmup': 'False'
[2022-10-06 15:41:45Z INFO ConfigurationManager] LoadSettings
[2022-10-06 15:41:45Z INFO ConfigurationStore] IsConfigured()
[2022-10-06 15:41:45Z INFO ConfigurationStore] IsConfigured: True
[2022-10-06 15:41:45Z INFO ConfigurationManager] Is configured: True
[2022-10-06 15:41:45Z INFO ConfigurationStore] Read setting file: 293 chars
[2022-10-06 15:41:45Z INFO ConfigurationManager] Settings Loaded
[2022-10-06 15:41:45Z INFO ConfigurationStore] IsServiceConfigured()
[2022-10-06 15:41:45Z INFO ConfigurationStore] IsServiceConfigured: False
[2022-10-06 15:41:45Z INFO CommandSettings] Command 'run': 'True'
[2022-10-06 15:41:45Z INFO ConfigurationStore] IsConfigured()
[2022-10-06 15:41:45Z INFO ConfigurationStore] IsConfigured: True
[2022-10-06 15:41:45Z INFO ConfigurationManager] Is configured: True
[2022-10-06 15:41:45Z INFO Runner] Could not parse the argument value '' for StartupType. Defaulting to Manual
[2022-10-06 15:41:45Z INFO Runner] Set runner startup type - Manual
[2022-10-06 15:41:45Z INFO CommandSettings] Flag 'once': 'False'
[2022-10-06 15:41:45Z INFO CommandSettings] Flag 'once': 'False'
[2022-10-06 15:41:45Z INFO Runner] RunAsync
[2022-10-06 15:41:45Z INFO ConfigurationManager] LoadSettings
[2022-10-06 15:41:45Z INFO ConfigurationStore] IsConfigured()
[2022-10-06 15:41:45Z INFO ConfigurationStore] IsConfigured: True
[2022-10-06 15:41:45Z INFO ConfigurationManager] Is configured: True
[2022-10-06 15:41:45Z INFO ConfigurationManager] Settings Loaded
[2022-10-06 15:41:45Z INFO MessageListener] {
  "AgentId": 2,
  "AgentName": "piman",
  "PoolId": 1,
  "PoolName": "Default",
  "ServerUrl": "https://pipelines.actions.githubusercontent.com/ZepRwt9RqlXOuDZhYL8uACNSOJBWkvsh0wjLPuH1TbKjoR6HIQ",
  "GitHubUrl": "https://github.com/e205515/substitute_lecturing_OS",
  "WorkFolder": "_work"
}
[2022-10-06 15:41:45Z INFO MessageListener] Loading Credentials
[2022-10-06 15:41:45Z INFO ConfigurationStore] HasCredentials()
[2022-10-06 15:41:45Z INFO ConfigurationStore] stored True
[2022-10-06 15:41:45Z INFO CredentialManager] GetCredentialProvider
[2022-10-06 15:41:45Z INFO CredentialManager] Creating type OAuth
[2022-10-06 15:41:45Z INFO CredentialManager] Creating credential type: OAuth
[2022-10-06 15:41:45Z INFO HostContext] Well known directory 'Bin': '/Users/chinentomoki/u-ryukyu/Third/OS_again/02/2-1/actions-runner/bin'
[2022-10-06 15:41:45Z INFO HostContext] Well known directory 'Root': '/Users/chinentomoki/u-ryukyu/Third/OS_again/02/2-1/actions-runner'
[2022-10-06 15:41:45Z INFO HostContext] Well known config file 'RSACredentials': '/Users/chinentomoki/u-ryukyu/Third/OS_again/02/2-1/actions-runner/.credentials_rsaparams'
[2022-10-06 15:41:45Z INFO RSAFileKeyManager] Loading RSA key parameters from file /Users/chinentomoki/u-ryukyu/Third/OS_again/02/2-1/actions-runner/.credentials_rsaparams
[2022-10-06 15:41:45Z INFO MessageListener] Attempt to create session.
[2022-10-06 15:41:45Z INFO MessageListener] Connecting to the Runner Server...
[2022-10-06 15:41:45Z INFO RunnerServer] Establish connection with 100 seconds timeout.
[2022-10-06 15:41:45Z INFO GitHubActionsService] Starting operation Location.GetConnectionData
[2022-10-06 15:41:45Z INFO RunnerServer] Establish connection with 60 seconds timeout.
[2022-10-06 15:41:45Z INFO GitHubActionsService] Starting operation Location.GetConnectionData
[2022-10-06 15:41:45Z INFO RunnerServer] Establish connection with 60 seconds timeout.
[2022-10-06 15:41:45Z INFO GitHubActionsService] Starting operation Location.GetConnectionData
[2022-10-06 15:41:46Z INFO GitHubActionsService] Finished operation Location.GetConnectionData
[2022-10-06 15:41:47Z INFO GitHubActionsService] Finished operation Location.GetConnectionData
[2022-10-06 15:41:47Z INFO GitHubActionsService] Finished operation Location.GetConnectionData
[2022-10-06 15:41:47Z INFO MessageListener] VssConnection created
[2022-10-06 15:41:47Z INFO Terminal] WRITE LINE: 
[2022-10-06 15:41:47Z INFO Terminal] WRITE LINE: 
[2022-10-06 15:41:47Z INFO RSAFileKeyManager] Loading RSA key parameters from file /Users/chinentomoki/u-ryukyu/Third/OS_again/02/2-1/actions-runner/.credentials_rsaparams
[2022-10-06 15:41:47Z INFO RSAFileKeyManager] Loading RSA key parameters from file /Users/chinentomoki/u-ryukyu/Third/OS_again/02/2-1/actions-runner/.credentials_rsaparams
[2022-10-06 15:41:48Z INFO GitHubActionsService] AAD Correlation ID for this token request: Unknown
[2022-10-06 15:41:49Z INFO MessageListener] Session created.
[2022-10-06 15:41:49Z INFO Terminal] WRITE LINE: Current runner version: '2.298.2'
[2022-10-06 15:41:49Z INFO Terminal] WRITE LINE: 2022-10-06 15:41:49Z: Listening for Jobs
[2022-10-06 15:41:49Z INFO JobDispatcher] Set runner/worker IPC timeout to 30 seconds.
[2022-10-06 15:42:46Z INFO Terminal] WRITE LINE: Exiting...
[2022-10-06 15:42:46Z INFO ConfigurationStore] IsServiceConfigured()
[2022-10-06 15:42:46Z INFO ConfigurationStore] IsServiceConfigured: False
[2022-10-06 15:42:46Z INFO HostContext] Runner will be shutdown for UserCancelled
[2022-10-06 15:42:47Z WARN GitHubActionsService] GET request to https://pipelines.actions.githubusercontent.com/ZepRwt9RqlXOuDZhYL8uACNSOJBWkvsh0wjLPuH1TbKjoR6HIQ/_apis/distributedtask/pools/1/messages?sessionId=83153e9d-e28d-472d-a5d7-9999dbc83fe2&status=Online has been cancelled.
[2022-10-06 15:42:47Z INFO MessageListener] Get next message has been cancelled.
[2022-10-06 15:42:47Z INFO JobDispatcher] Shutting down JobDispatcher. Make sure all WorkerDispatcher has finished.
[2022-10-06 15:42:48Z INFO Listener] Runner execution been cancelled.
